<?xml version="1.0" encoding="UTF-8"?>
<!-- Generated by org.testng.reporters.JUnitReportReporter -->
<testsuite hostname="Laptop-PR-15" failures="0" tests="7" name="com.follo.enginerunner.EngineRunner" time="267.302" errors="0" timestamp="2022-07-04T13:30:02 IST" skipped="0">
  <testcase classname="com.follo.enginerunner.EngineRunner" name="runScenario" time="20.016"/>
  <system-out/>
  <testcase classname="com.follo.enginerunner.EngineRunner" name="runScenario" time="10.354"/>
  <system-out/>
  <testcase classname="com.follo.enginerunner.EngineRunner" name="runScenario" time="20.206"/>
  <system-out/>
  <testcase classname="com.follo.enginerunner.EngineRunner" name="runScenario" time="144.350"/>
  <system-out/>
  <testcase classname="com.follo.enginerunner.EngineRunner" name="runScenario" time="29.082"/>
  <system-out/>
  <testcase classname="com.follo.enginerunner.EngineRunner" name="runScenario" time="16.731"/>
  <system-out/>
  <testcase classname="com.follo.enginerunner.EngineRunner" name="runScenario" time="26.563"/>
  <system-out/>
</testsuite> <!-- com.follo.enginerunner.EngineRunner -->
