<?xml version="1.0" encoding="UTF-8"?>
<!-- Generated by org.testng.reporters.JUnitReportReporter -->
<testsuite hostname="Laptop-PR-15" failures="0" tests="1" name="pt_Integration.CreateStory" time="10.724" errors="0" timestamp="2022-06-17T12:29:22 IST" skipped="0">
  <testcase classname="pt_Integration.CreateStory" name="post_Story" time="10.724"/>
  <system-out/>
</testsuite> <!-- pt_Integration.CreateStory -->
