<?xml version="1.0" encoding="UTF-8"?>
<!-- Generated by org.testng.reporters.JUnitReportReporter -->
<testsuite hostname="Laptop-PR-15" failures="0" tests="20" name="com.follo.enginerunner.EngineRunner" time="424.114" errors="0" timestamp="2022-07-05T20:07:54 IST" skipped="0">
  <testcase classname="com.follo.enginerunner.EngineRunner" name="runScenario" time="19.203"/>
  <system-out/>
  <testcase classname="com.follo.enginerunner.EngineRunner" name="runScenario" time="43.619"/>
  <system-out/>
  <testcase classname="com.follo.enginerunner.EngineRunner" name="runScenario" time="15.081"/>
  <system-out/>
  <testcase classname="com.follo.enginerunner.EngineRunner" name="runScenario" time="8.710"/>
  <system-out/>
  <testcase classname="com.follo.enginerunner.EngineRunner" name="runScenario" time="10.429"/>
  <system-out/>
  <testcase classname="com.follo.enginerunner.EngineRunner" name="runScenario" time="23.222"/>
  <system-out/>
  <testcase classname="com.follo.enginerunner.EngineRunner" name="runScenario" time="6.132"/>
  <system-out/>
  <testcase classname="com.follo.enginerunner.EngineRunner" name="runScenario" time="17.277"/>
  <system-out/>
  <testcase classname="com.follo.enginerunner.EngineRunner" name="runScenario" time="19.520"/>
  <system-out/>
  <testcase classname="com.follo.enginerunner.EngineRunner" name="runScenario" time="5.595"/>
  <system-out/>
  <testcase classname="com.follo.enginerunner.EngineRunner" name="runScenario" time="11.478"/>
  <system-out/>
  <testcase classname="com.follo.enginerunner.EngineRunner" name="runScenario" time="17.659"/>
  <system-out/>
  <testcase classname="com.follo.enginerunner.EngineRunner" name="runScenario" time="25.027"/>
  <system-out/>
  <testcase classname="com.follo.enginerunner.EngineRunner" name="runScenario" time="103.249"/>
  <system-out/>
  <testcase classname="com.follo.enginerunner.EngineRunner" name="runScenario" time="7.970"/>
  <system-out/>
  <testcase classname="com.follo.enginerunner.EngineRunner" name="runScenario" time="10.760"/>
  <system-out/>
  <testcase classname="com.follo.enginerunner.EngineRunner" name="runScenario" time="31.467"/>
  <system-out/>
  <testcase classname="com.follo.enginerunner.EngineRunner" name="runScenario" time="20.204"/>
  <system-out/>
  <testcase classname="com.follo.enginerunner.EngineRunner" name="runScenario" time="13.127"/>
  <system-out/>
  <testcase classname="com.follo.enginerunner.EngineRunner" name="runScenario" time="14.385"/>
  <system-out/>
</testsuite> <!-- com.follo.enginerunner.EngineRunner -->
